build/app/intermediates/manifest_merge_blame_file/release/manifest-merger-blame-release-report.txt
1<?xml version="1.0" encoding="utf-8"?>
2<manifest xmlns:android="http://schemas.android.com/apk/res/android"
3    package="com.bludrusd.baubau"
4    android:versionCode="1"
5    android:versionName="1.0.0" >
6
7    <uses-sdk
8        android:minSdkVersion="21"
8-->src/main/AndroidManifest.xml
9        android:targetSdkVersion="31" />
9-->src/main/AndroidManifest.xml
10
11    <uses-permission android:name="android.permission.INTERNET" />
11-->src/main/AndroidManifest.xml:3:4-65
11-->src/main/AndroidManifest.xml:3:21-63
12
13    <queries>
13-->src/main/AndroidManifest.xml:45:5-66:13
14
15        <!-- If your app opens https URLs -->
16        <intent>
16-->src/main/AndroidManifest.xml:47:7-50:16
17            <action android:name="android.intent.action.VIEW" />
17-->src/main/AndroidManifest.xml:48:9-61
17-->src/main/AndroidManifest.xml:48:17-58
18
19            <data android:scheme="https" />
19-->src/main/AndroidManifest.xml:49:9-40
19-->src/main/AndroidManifest.xml:49:15-37
20        </intent>
21        <!-- If your app makes calls -->
22        <intent>
22-->src/main/AndroidManifest.xml:52:7-55:16
23            <action android:name="android.intent.action.DIAL" />
23-->src/main/AndroidManifest.xml:53:9-61
23-->src/main/AndroidManifest.xml:53:17-58
24
25            <data android:scheme="tel" />
25-->src/main/AndroidManifest.xml:49:9-40
25-->src/main/AndroidManifest.xml:49:15-37
26        </intent>
27        <!-- If your sends SMS messages -->
28        <intent>
28-->src/main/AndroidManifest.xml:57:7-60:16
29            <action android:name="android.intent.action.SENDTO" />
29-->src/main/AndroidManifest.xml:58:9-63
29-->src/main/AndroidManifest.xml:58:17-60
30
31            <data android:scheme="smsto" />
31-->src/main/AndroidManifest.xml:49:9-40
31-->src/main/AndroidManifest.xml:49:15-37
32        </intent>
33        <!-- If your app sends emails -->
34        <intent>
34-->src/main/AndroidManifest.xml:62:7-65:16
35            <action android:name="android.intent.action.SEND" />
35-->src/main/AndroidManifest.xml:63:9-61
35-->src/main/AndroidManifest.xml:63:17-58
36
37            <data android:mimeType="*/*" />
37-->src/main/AndroidManifest.xml:49:9-40
37-->src/main/AndroidManifest.xml:64:15-37
38        </intent>
39    </queries>
40
41    <uses-permission android:name="android.permission.REQUEST_INSTALL_PACKAGES" />
41-->[:open_file] AndroidManifest.xml:8:5-83
41-->[:open_file] AndroidManifest.xml:8:22-80
42    <uses-permission android:name="android.permission.READ_EXTERNAL_STORAGE" />
42-->[:open_file] AndroidManifest.xml:9:5-80
42-->[:open_file] AndroidManifest.xml:9:22-77
43    <uses-permission android:name="android.permission.ACCESS_NETWORK_STATE" />
43-->[:connectivity_plus] AndroidManifest.xml:7:5-79
43-->[:connectivity_plus] AndroidManifest.xml:7:22-76
44    <uses-permission android:name="android.permission.WAKE_LOCK" /> <!-- Required by older versions of Google Play services to create IID tokens -->
44-->[com.google.firebase:firebase-messaging:23.0.0] AndroidManifest.xml:23:5-68
44-->[com.google.firebase:firebase-messaging:23.0.0] AndroidManifest.xml:23:22-65
45    <uses-permission android:name="com.google.android.c2dm.permission.RECEIVE" />
45-->[com.google.firebase:firebase-messaging:23.0.0] AndroidManifest.xml:25:5-82
45-->[com.google.firebase:firebase-messaging:23.0.0] AndroidManifest.xml:25:22-79
46    <uses-permission android:name="com.google.android.finsky.permission.BIND_GET_INSTALL_REFERRER_SERVICE" /> <!-- Include required permissions for Advertising Id -->
46-->[com.google.android.gms:play-services-measurement:20.0.2] AndroidManifest.xml:26:5-110
46-->[com.google.android.gms:play-services-measurement:20.0.2] AndroidManifest.xml:26:22-107
47    <uses-permission android:name="com.google.android.gms.permission.AD_ID" />
47-->[com.google.android.gms:play-services-ads-identifier:18.0.0] AndroidManifest.xml:23:5-79
47-->[com.google.android.gms:play-services-ads-identifier:18.0.0] AndroidManifest.xml:23:22-76
48
49    <application
49-->src/main/AndroidManifest.xml:4:4-44:19
50        android:appComponentFactory="androidx.core.app.CoreComponentFactory"
50-->[androidx.core:core:1.6.0] AndroidManifest.xml:24:18-86
51        android:icon="@mipmap/launcher_icon"
51-->src/main/AndroidManifest.xml:6:9-45
52        android:label="eSEHAT BAUBAU" >
52-->src/main/AndroidManifest.xml:5:9-38
53        <activity
53-->src/main/AndroidManifest.xml:7:9-38:20
54            android:name="com.bludrusd.baubau.MainActivity"
54-->src/main/AndroidManifest.xml:8:13-41
55            android:configChanges="orientation|keyboardHidden|keyboard|screenSize|smallestScreenSize|locale|layoutDirection|fontScale|screenLayout|density|uiMode"
55-->src/main/AndroidManifest.xml:11:13-163
56            android:exported="true"
56-->src/main/AndroidManifest.xml:13:13-36
57            android:hardwareAccelerated="true"
57-->src/main/AndroidManifest.xml:12:13-47
58            android:launchMode="singleTop"
58-->src/main/AndroidManifest.xml:9:13-43
59            android:theme="@style/LaunchTheme"
59-->src/main/AndroidManifest.xml:10:13-47
60            android:windowSoftInputMode="adjustResize" >
60-->src/main/AndroidManifest.xml:14:13-55
61
62            <!--
63                 Specifies an Android theme to apply to this Activity as soon as
64                 the Android process has started. This theme is visible to the user
65                 while the Flutter UI initializes. After that, this theme continues
66                 to determine the Window background behind the Flutter UI.
67            -->
68            <meta-data
68-->src/main/AndroidManifest.xml:19:13-22:17
69                android:name="io.flutter.embedding.android.NormalTheme"
69-->src/main/AndroidManifest.xml:20:15-70
70                android:resource="@style/NormalTheme" />
70-->src/main/AndroidManifest.xml:21:15-52
71            <!--
72                 Displays an Android View that continues showing the launch screen
73                 Drawable until Flutter paints its first frame, then this splash
74                 screen fades out. A splash screen is useful to avoid any visual
75                 gap between the end of Android's launch screen and the painting of
76                 Flutter's first frame.
77            -->
78            <meta-data
78-->src/main/AndroidManifest.xml:28:13-31:17
79                android:name="io.flutter.embedding.android.SplashScreenDrawable"
79-->src/main/AndroidManifest.xml:29:15-79
80                android:resource="@drawable/launch_background" />
80-->src/main/AndroidManifest.xml:30:15-61
81
82            <intent-filter>
82-->src/main/AndroidManifest.xml:32:13-37:29
83                <action android:name="android.intent.action.MAIN" />
83-->src/main/AndroidManifest.xml:33:17-68
83-->src/main/AndroidManifest.xml:33:25-66
84
85                <category android:name="android.intent.category.LAUNCHER" />
85-->src/main/AndroidManifest.xml:34:17-76
85-->src/main/AndroidManifest.xml:34:27-74
86
87                <action android:name="FLUTTER_NOTIFICATION_CLICK" />
87-->src/main/AndroidManifest.xml:35:17-69
87-->src/main/AndroidManifest.xml:35:25-66
88
89                <category android:name="android.intent.category.DEFAULT" />
89-->src/main/AndroidManifest.xml:36:17-76
89-->src/main/AndroidManifest.xml:36:27-73
90            </intent-filter>
91        </activity>
92        <!--
93             Don't delete the meta-data below.
94             This is used by the Flutter tool to generate GeneratedPluginRegistrant.java
95        -->
96        <meta-data
96-->src/main/AndroidManifest.xml:41:9-43:33
97            android:name="flutterEmbedding"
97-->src/main/AndroidManifest.xml:42:13-44
98            android:value="2" />
98-->src/main/AndroidManifest.xml:43:13-30
99
100        <provider
100-->[:open_file] AndroidManifest.xml:12:9-21:20
101            android:name="com.crazecoder.openfile.FileProvider"
101-->[:open_file] AndroidManifest.xml:13:13-64
102            android:authorities="com.bludrusd.baubau.fileProvider.com.crazecoder.openfile"
102-->[:open_file] AndroidManifest.xml:14:13-88
103            android:exported="false"
103-->[:open_file] AndroidManifest.xml:15:13-37
104            android:grantUriPermissions="true" >
104-->[:open_file] AndroidManifest.xml:16:13-47
105            <meta-data
105-->[:open_file] AndroidManifest.xml:18:13-20:53
106                android:name="android.support.FILE_PROVIDER_PATHS"
106-->[:open_file] AndroidManifest.xml:19:17-67
107                android:resource="@xml/filepaths" />
107-->[:open_file] AndroidManifest.xml:20:17-50
108        </provider>
109
110        <activity
110-->[:url_launcher_android] AndroidManifest.xml:8:9-11:74
111            android:name="io.flutter.plugins.urllauncher.WebViewActivity"
111-->[:url_launcher_android] AndroidManifest.xml:9:13-74
112            android:exported="false"
112-->[:url_launcher_android] AndroidManifest.xml:10:13-37
113            android:theme="@android:style/Theme.NoTitleBar.Fullscreen" />
113-->[:url_launcher_android] AndroidManifest.xml:11:13-71
114
115        <uses-library
115-->[androidx.window:window:1.0.0-beta04] AndroidManifest.xml:25:9-27:40
116            android:name="androidx.window.extensions"
116-->[androidx.window:window:1.0.0-beta04] AndroidManifest.xml:26:13-54
117            android:required="false" />
117-->[androidx.window:window:1.0.0-beta04] AndroidManifest.xml:27:13-37
118        <uses-library
118-->[androidx.window:window:1.0.0-beta04] AndroidManifest.xml:28:9-30:40
119            android:name="androidx.window.sidecar"
119-->[androidx.window:window:1.0.0-beta04] AndroidManifest.xml:29:13-51
120            android:required="false" />
120-->[androidx.window:window:1.0.0-beta04] AndroidManifest.xml:30:13-37
121
122        <receiver
122-->[com.google.firebase:firebase-messaging:23.0.0] AndroidManifest.xml:28:9-35:20
123            android:name="com.google.firebase.iid.FirebaseInstanceIdReceiver"
123-->[com.google.firebase:firebase-messaging:23.0.0] AndroidManifest.xml:29:13-78
124            android:exported="true"
124-->[com.google.firebase:firebase-messaging:23.0.0] AndroidManifest.xml:30:13-36
125            android:permission="com.google.android.c2dm.permission.SEND" >
125-->[com.google.firebase:firebase-messaging:23.0.0] AndroidManifest.xml:31:13-73
126            <intent-filter>
126-->[com.google.firebase:firebase-messaging:23.0.0] AndroidManifest.xml:32:13-34:29
127                <action android:name="com.google.android.c2dm.intent.RECEIVE" />
127-->[com.google.firebase:firebase-messaging:23.0.0] AndroidManifest.xml:33:17-81
127-->[com.google.firebase:firebase-messaging:23.0.0] AndroidManifest.xml:33:25-78
128            </intent-filter>
129        </receiver>
130        <!--
131             FirebaseMessagingService performs security checks at runtime,
132             but set to not exported to explicitly avoid allowing another app to call it.
133        -->
134        <service
134-->[com.google.firebase:firebase-messaging:23.0.0] AndroidManifest.xml:41:9-48:19
135            android:name="com.google.firebase.messaging.FirebaseMessagingService"
135-->[com.google.firebase:firebase-messaging:23.0.0] AndroidManifest.xml:42:13-82
136            android:directBootAware="true"
136-->[com.google.firebase:firebase-messaging:23.0.0] AndroidManifest.xml:43:13-43
137            android:exported="false" >
137-->[com.google.firebase:firebase-messaging:23.0.0] AndroidManifest.xml:44:13-37
138            <intent-filter android:priority="-500" >
138-->[com.google.firebase:firebase-messaging:23.0.0] AndroidManifest.xml:45:13-47:29
138-->[com.google.firebase:firebase-messaging:23.0.0] AndroidManifest.xml:45:28-51
139                <action android:name="com.google.firebase.MESSAGING_EVENT" />
139-->[com.google.firebase:firebase-messaging:23.0.0] AndroidManifest.xml:46:17-78
139-->[com.google.firebase:firebase-messaging:23.0.0] AndroidManifest.xml:46:25-75
140            </intent-filter>
141        </service>
142        <service
142-->[com.google.firebase:firebase-messaging:23.0.0] AndroidManifest.xml:49:9-55:19
143            android:name="com.google.firebase.components.ComponentDiscoveryService"
143-->[com.google.firebase:firebase-messaging:23.0.0] AndroidManifest.xml:50:13-84
144            android:directBootAware="true"
144-->[com.google.firebase:firebase-common:20.0.0] AndroidManifest.xml:35:13-43
145            android:exported="false" >
145-->[com.google.firebase:firebase-messaging:23.0.0] AndroidManifest.xml:51:13-37
146            <meta-data
146-->[com.google.firebase:firebase-messaging:23.0.0] AndroidManifest.xml:52:13-54:85
147                android:name="com.google.firebase.components:com.google.firebase.messaging.FirebaseMessagingRegistrar"
147-->[com.google.firebase:firebase-messaging:23.0.0] AndroidManifest.xml:53:17-119
148                android:value="com.google.firebase.components.ComponentRegistrar" />
148-->[com.google.firebase:firebase-messaging:23.0.0] AndroidManifest.xml:54:17-82
149            <meta-data
149-->[com.google.firebase:firebase-datatransport:18.0.0] AndroidManifest.xml:28:13-30:85
150                android:name="com.google.firebase.components:com.google.firebase.datatransport.TransportRegistrar"
150-->[com.google.firebase:firebase-datatransport:18.0.0] AndroidManifest.xml:29:17-115
151                android:value="com.google.firebase.components.ComponentRegistrar" />
151-->[com.google.firebase:firebase-datatransport:18.0.0] AndroidManifest.xml:30:17-82
152            <meta-data
152-->[com.google.android.gms:play-services-measurement-api:20.0.2] AndroidManifest.xml:30:13-32:85
153                android:name="com.google.firebase.components:com.google.firebase.analytics.connector.internal.AnalyticsConnectorRegistrar"
153-->[com.google.android.gms:play-services-measurement-api:20.0.2] AndroidManifest.xml:31:17-139
154                android:value="com.google.firebase.components.ComponentRegistrar" />
154-->[com.google.android.gms:play-services-measurement-api:20.0.2] AndroidManifest.xml:32:17-82
155            <meta-data
155-->[com.google.firebase:firebase-installations:17.0.0] AndroidManifest.xml:18:13-20:85
156                android:name="com.google.firebase.components:com.google.firebase.installations.FirebaseInstallationsRegistrar"
156-->[com.google.firebase:firebase-installations:17.0.0] AndroidManifest.xml:19:17-127
157                android:value="com.google.firebase.components.ComponentRegistrar" />
157-->[com.google.firebase:firebase-installations:17.0.0] AndroidManifest.xml:20:17-82
158        </service>
159        <service
159-->[com.google.android.datatransport:transport-backend-cct:3.0.0] AndroidManifest.xml:29:9-35:19
160            android:name="com.google.android.datatransport.runtime.backends.TransportBackendDiscovery"
160-->[com.google.android.datatransport:transport-backend-cct:3.0.0] AndroidManifest.xml:30:13-103
161            android:exported="false" >
161-->[com.google.android.datatransport:transport-backend-cct:3.0.0] AndroidManifest.xml:31:13-37
162            <meta-data
162-->[com.google.android.datatransport:transport-backend-cct:3.0.0] AndroidManifest.xml:32:13-34:39
163                android:name="backend:com.google.android.datatransport.cct.CctBackendFactory"
163-->[com.google.android.datatransport:transport-backend-cct:3.0.0] AndroidManifest.xml:33:17-94
164                android:value="cct" />
164-->[com.google.android.datatransport:transport-backend-cct:3.0.0] AndroidManifest.xml:34:17-36
165        </service>
166
167        <provider
167-->[com.google.firebase:firebase-common:20.0.0] AndroidManifest.xml:26:9-31:39
168            android:name="com.google.firebase.provider.FirebaseInitProvider"
168-->[com.google.firebase:firebase-common:20.0.0] AndroidManifest.xml:27:13-77
169            android:authorities="com.bludrusd.baubau.firebaseinitprovider"
169-->[com.google.firebase:firebase-common:20.0.0] AndroidManifest.xml:28:13-72
170            android:directBootAware="true"
170-->[com.google.firebase:firebase-common:20.0.0] AndroidManifest.xml:29:13-43
171            android:exported="false"
171-->[com.google.firebase:firebase-common:20.0.0] AndroidManifest.xml:30:13-37
172            android:initOrder="100" />
172-->[com.google.firebase:firebase-common:20.0.0] AndroidManifest.xml:31:13-36
173
174        <service
174-->[com.google.android.datatransport:transport-runtime:3.0.0] AndroidManifest.xml:26:9-30:19
175            android:name="com.google.android.datatransport.runtime.scheduling.jobscheduling.JobInfoSchedulerService"
175-->[com.google.android.datatransport:transport-runtime:3.0.0] AndroidManifest.xml:27:13-117
176            android:exported="false"
176-->[com.google.android.datatransport:transport-runtime:3.0.0] AndroidManifest.xml:28:13-37
177            android:permission="android.permission.BIND_JOB_SERVICE" >
177-->[com.google.android.datatransport:transport-runtime:3.0.0] AndroidManifest.xml:29:13-69
178        </service>
179
180        <receiver
180-->[com.google.android.datatransport:transport-runtime:3.0.0] AndroidManifest.xml:32:9-34:40
181            android:name="com.google.android.datatransport.runtime.scheduling.jobscheduling.AlarmManagerSchedulerBroadcastReceiver"
181-->[com.google.android.datatransport:transport-runtime:3.0.0] AndroidManifest.xml:33:13-132
182            android:exported="false" />
182-->[com.google.android.datatransport:transport-runtime:3.0.0] AndroidManifest.xml:34:13-37
183        <receiver
183-->[com.google.android.gms:play-services-measurement:20.0.2] AndroidManifest.xml:29:9-33:20
184            android:name="com.google.android.gms.measurement.AppMeasurementReceiver"
184-->[com.google.android.gms:play-services-measurement:20.0.2] AndroidManifest.xml:30:13-85
185            android:enabled="true"
185-->[com.google.android.gms:play-services-measurement:20.0.2] AndroidManifest.xml:31:13-35
186            android:exported="false" >
186-->[com.google.android.gms:play-services-measurement:20.0.2] AndroidManifest.xml:32:13-37
187        </receiver>
188
189        <service
189-->[com.google.android.gms:play-services-measurement:20.0.2] AndroidManifest.xml:35:9-38:40
190            android:name="com.google.android.gms.measurement.AppMeasurementService"
190-->[com.google.android.gms:play-services-measurement:20.0.2] AndroidManifest.xml:36:13-84
191            android:enabled="true"
191-->[com.google.android.gms:play-services-measurement:20.0.2] AndroidManifest.xml:37:13-35
192            android:exported="false" />
192-->[com.google.android.gms:play-services-measurement:20.0.2] AndroidManifest.xml:38:13-37
193        <service
193-->[com.google.android.gms:play-services-measurement:20.0.2] AndroidManifest.xml:39:9-43:72
194            android:name="com.google.android.gms.measurement.AppMeasurementJobService"
194-->[com.google.android.gms:play-services-measurement:20.0.2] AndroidManifest.xml:40:13-87
195            android:enabled="true"
195-->[com.google.android.gms:play-services-measurement:20.0.2] AndroidManifest.xml:41:13-35
196            android:exported="false"
196-->[com.google.android.gms:play-services-measurement:20.0.2] AndroidManifest.xml:42:13-37
197            android:permission="android.permission.BIND_JOB_SERVICE" />
197-->[com.google.android.gms:play-services-measurement:20.0.2] AndroidManifest.xml:43:13-69
198
199        <meta-data
199-->[com.google.android.gms:play-services-basement:18.0.0] AndroidManifest.xml:21:9-23:69
200            android:name="com.google.android.gms.version"
200-->[com.google.android.gms:play-services-basement:18.0.0] AndroidManifest.xml:22:13-58
201            android:value="@integer/google_play_services_version" />
201-->[com.google.android.gms:play-services-basement:18.0.0] AndroidManifest.xml:23:13-66
202    </application>
203
204</manifest>